

Started GET "/assets/rails.png" for 127.0.0.1 at 2012-10-28 21:55:43 +0530
Connecting to database specified by database.yml
Served asset /rails.png - 304 Not Modified (5ms)
Connecting to database specified by database.yml
Connecting to database specified by database.yml


Started GET "/assets/rails.png" for 127.0.0.1 at 2012-10-29 02:21:03 +0530
Connecting to database specified by database.yml
Served asset /rails.png - 304 Not Modified (13ms)


Started GET "/" for 127.0.0.1 at 2012-10-29 02:21:30 +0530
Connecting to database specified by database.yml
Processing by HomeController#index as HTML
  Rendered home/index.html.erb within layouts/application (3.1ms)
Compiled home.css  (16ms)  (pid 9880)
Compiled application.css  (25ms)  (pid 9880)
Compiled jquery.js  (7ms)  (pid 9880)
Compiled jquery_ujs.js  (0ms)  (pid 9880)
Compiled home.js  (511ms)  (pid 9880)
Compiled application.js  (574ms)  (pid 9880)
Completed 200 OK in 755ms (Views: 754.8ms | ActiveRecord: 0.0ms)


Started GET "/assets/home.css?body=1" for 127.0.0.1 at 2012-10-29 02:21:31 +0530
Served asset /home.css - 304 Not Modified (2ms)


Started GET "/assets/application.js?body=1" for 127.0.0.1 at 2012-10-29 02:21:32 +0530
Served asset /application.js - 200 OK (11ms)


Started GET "/assets/application.css?body=1" for 127.0.0.1 at 2012-10-29 02:21:32 +0530
Served asset /application.css - 304 Not Modified (3ms)


Started GET "/assets/jquery_ujs.js?body=1" for 127.0.0.1 at 2012-10-29 02:21:32 +0530
Served asset /jquery_ujs.js - 304 Not Modified (4ms)


Started GET "/assets/home.js?body=1" for 127.0.0.1 at 2012-10-29 02:21:32 +0530
Served asset /home.js - 304 Not Modified (2ms)


Started GET "/assets/jquery.js?body=1" for 127.0.0.1 at 2012-10-29 02:21:32 +0530
Served asset /jquery.js - 304 Not Modified (3ms)
